<?xml version="1.0" encoding="UTF-8"?>
<Site BuildName="(empty)"
	BuildStamp="20231126-1531-Experimental"
	Name="peter"
	Generator="ctest-3.16.3"
	CompilerName="/usr/bin/aarch64-linux-gnu-g++"
	CompilerVersion="9.4.0"
	OSName="Linux"
	Hostname="peter"
	OSRelease="5.10.120-tegra"
	OSVersion="#1 SMP PREEMPT Tue Aug 1 12:32:50 PDT 2023"
	OSPlatform="aarch64"
	Is64Bits="1"
	VendorString=""
	VendorID="Unknown Manufacturer"
	FamilyID="8"
	ModelID="0"
	ProcessorCacheSize="0"
	NumberOfLogicalCPU="6"
	NumberOfPhysicalCPU="1"
	TotalVirtualMemory="3735"
	TotalPhysicalMemory="7470"
	LogicalProcessorsPerPhysical="6"
	ProcessorClockFrequency="0"
	>
	<Testing>
		<StartDateTime>Nov 26 17:31 IST</StartDateTime>
		<StartTestTime>1701012693</StartTestTime>
		<TestList/>
		<EndDateTime>Nov 26 17:31 IST</EndDateTime>
		<EndTestTime>1701012693</EndTestTime>
		<ElapsedMinutes>0</ElapsedMinutes>
	</Testing>
</Site>
